<?xml version="1.0" encoding="UTF-8"?>
<coverage generated="1649334754089" clover="3.2.0">
  <project timestamp="1649334754089" name="All files">
    <metrics statements="78" coveredstatements="78" conditionals="18" coveredconditionals="18" methods="16" coveredmethods="16" elements="112" coveredelements="112" complexity="0" loc="78" ncloc="78" packages="3" files="3" classes="3"/>
    <package name="src">
      <metrics statements="15" coveredstatements="15" conditionals="0" coveredconditionals="0" methods="1" coveredmethods="1"/>
      <file name="app.js" path="C:\Users\jitendra.singh\Desktop\POC\src\app.js">
        <metrics statements="15" coveredstatements="15" conditionals="0" coveredconditionals="0" methods="1" coveredmethods="1"/>
        <line num="1" count="2" type="stmt"/>
        <line num="2" count="2" type="stmt"/>
        <line num="3" count="2" type="stmt"/>
        <line num="4" count="2" type="stmt"/>
        <line num="5" count="2" type="stmt"/>
        <line num="6" count="2" type="stmt"/>
        <line num="9" count="2" type="stmt"/>
        <line num="10" count="2" type="stmt"/>
        <line num="15" count="2" type="stmt"/>
        <line num="16" count="2" type="stmt"/>
        <line num="17" count="2" type="stmt"/>
        <line num="19" count="2" type="stmt"/>
        <line num="22" count="2" type="stmt"/>
        <line num="23" count="1" type="stmt"/>
        <line num="29" count="2" type="stmt"/>
      </file>
    </package>
    <package name="src.routes">
      <metrics statements="33" coveredstatements="33" conditionals="6" coveredconditionals="6" methods="5" coveredmethods="5"/>
      <file name="user_routes.js" path="C:\Users\jitendra.singh\Desktop\POC\src\routes\user_routes.js">
        <metrics statements="33" coveredstatements="33" conditionals="6" coveredconditionals="6" methods="5" coveredmethods="5"/>
        <line num="1" count="2" type="stmt"/>
        <line num="2" count="2" type="stmt"/>
        <line num="3" count="2" type="stmt"/>
        <line num="4" count="2" type="stmt"/>
        <line num="6" count="2" type="stmt"/>
        <line num="7" count="3" type="stmt"/>
        <line num="8" count="3" type="stmt"/>
        <line num="9" count="3" type="stmt"/>
        <line num="10" count="3" type="stmt"/>
        <line num="11" count="3" type="cond" truecount="2" falsecount="0"/>
        <line num="12" count="2" type="stmt"/>
        <line num="14" count="1" type="stmt"/>
        <line num="22" count="2" type="stmt"/>
        <line num="23" count="1" type="stmt"/>
        <line num="26" count="2" type="stmt"/>
        <line num="27" count="2" type="stmt"/>
        <line num="28" count="2" type="stmt"/>
        <line num="29" count="2" type="stmt"/>
        <line num="30" count="2" type="cond" truecount="2" falsecount="0"/>
        <line num="31" count="1" type="stmt"/>
        <line num="36" count="1" type="stmt"/>
        <line num="40" count="2" type="stmt"/>
        <line num="41" count="2" type="stmt"/>
        <line num="42" count="2" type="stmt"/>
        <line num="43" count="2" type="stmt"/>
        <line num="44" count="2" type="cond" truecount="2" falsecount="0"/>
        <line num="45" count="1" type="stmt"/>
        <line num="50" count="1" type="stmt"/>
        <line num="58" count="2" type="stmt"/>
        <line num="59" count="1" type="stmt"/>
        <line num="60" count="1" type="stmt"/>
        <line num="61" count="1" type="stmt"/>
        <line num="64" count="2" type="stmt"/>
      </file>
    </package>
    <package name="src.util">
      <metrics statements="30" coveredstatements="30" conditionals="12" coveredconditionals="12" methods="10" coveredmethods="10"/>
      <file name="utils.js" path="C:\Users\jitendra.singh\Desktop\POC\src\util\utils.js">
        <metrics statements="30" coveredstatements="30" conditionals="12" coveredconditionals="12" methods="10" coveredmethods="10"/>
        <line num="1" count="2" type="stmt"/>
        <line num="9" count="2" type="stmt"/>
        <line num="12" count="2" type="stmt"/>
        <line num="22" count="3" type="stmt"/>
        <line num="23" count="3" type="stmt"/>
        <line num="24" count="6" type="cond" truecount="2" falsecount="0"/>
        <line num="25" count="1" type="stmt"/>
        <line num="28" count="3" type="cond" truecount="2" falsecount="0"/>
        <line num="29" count="2" type="stmt"/>
        <line num="30" count="2" type="stmt"/>
        <line num="32" count="1" type="stmt"/>
        <line num="38" count="2" type="stmt"/>
        <line num="39" count="5" type="cond" truecount="2" falsecount="0"/>
        <line num="40" count="4" type="stmt"/>
        <line num="43" count="2" type="stmt"/>
        <line num="47" count="1" type="stmt"/>
        <line num="51" count="5" type="stmt"/>
        <line num="55" count="2" type="stmt"/>
        <line num="56" count="2" type="stmt"/>
        <line num="57" count="6" type="cond" truecount="4" falsecount="0"/>
        <line num="58" count="1" type="stmt"/>
        <line num="59" count="1" type="stmt"/>
        <line num="60" count="1" type="stmt"/>
        <line num="61" count="1" type="stmt"/>
        <line num="63" count="5" type="stmt"/>
        <line num="66" count="2" type="stmt"/>
        <line num="70" count="1" type="stmt"/>
        <line num="71" count="2" type="cond" truecount="2" falsecount="0"/>
        <line num="72" count="1" type="stmt"/>
        <line num="78" count="2" type="stmt"/>
      </file>
    </package>
  </project>
</coverage>
