{"C:\\Users\\jitendra.singh\\Desktop\\POC\\src\\app.js": {"path":"C:\\Users\\jitendra.singh\\Desktop\\POC\\src\\app.js","statementMap":{"0":{"start":{"line":1,"column":16},"end":{"line":1,"column":34}},"1":{"start":{"line":2,"column":15},"end":{"line":2,"column":32}},"2":{"start":{"line":3,"column":13},"end":{"line":3,"column":28}},"3":{"start":{"line":4,"column":21},"end":{"line":4,"column":45}},"4":{"start":{"line":5,"column":20},"end":{"line":5,"column":42}},"5":{"start":{"line":6,"column":18},"end":{"line":6,"column":49}},"6":{"start":{"line":9,"column":12},"end":{"line":9,"column":21}},"7":{"start":{"line":10,"column":0},"end":{"line":12,"column":3}},"8":{"start":{"line":15,"column":0},"end":{"line":15,"column":24}},"9":{"start":{"line":16,"column":0},"end":{"line":16,"column":49}},"10":{"start":{"line":17,"column":0},"end":{"line":17,"column":24}},"11":{"start":{"line":19,"column":0},"end":{"line":19,"column":28}},"12":{"start":{"line":22,"column":0},"end":{"line":24,"column":3}},"13":{"start":{"line":23,"column":2},"end":{"line":23,"column":63}},"14":{"start":{"line":29,"column":0},"end":{"line":29,"column":21}}},"fnMap":{"0":{"name":"(anonymous_0)","decl":{"start":{"line":22,"column":13},"end":{"line":22,"column":14}},"loc":{"start":{"line":22,"column":27},"end":{"line":24,"column":1}},"line":22}},"branchMap":{},"s":{"0":2,"1":2,"2":2,"3":2,"4":2,"5":2,"6":2,"7":2,"8":2,"9":2,"10":2,"11":2,"12":2,"13":1,"14":2},"f":{"0":1},"b":{},"_coverageSchema":"1a1c01bbd47fc00a2c39e90264f33305004495a9","hash":"93dd9fb23a626f72f15a6f915b376519de6b41c4"}
,"C:\\Users\\jitendra.singh\\Desktop\\POC\\src\\routes\\user_routes.js": {"path":"C:\\Users\\jitendra.singh\\Desktop\\POC\\src\\routes\\user_routes.js","statementMap":{"0":{"start":{"line":1,"column":16},"end":{"line":1,"column":34}},"1":{"start":{"line":2,"column":15},"end":{"line":2,"column":31}},"2":{"start":{"line":3,"column":14},"end":{"line":3,"column":38}},"3":{"start":{"line":4,"column":23},"end":{"line":4,"column":38}},"4":{"start":{"line":6,"column":0},"end":{"line":20,"column":3}},"5":{"start":{"line":7,"column":19},"end":{"line":7,"column":36}},"6":{"start":{"line":8,"column":19},"end":{"line":8,"column":36}},"7":{"start":{"line":9,"column":27},"end":{"line":9,"column":35}},"8":{"start":{"line":10,"column":20},"end":{"line":10,"column":71}},"9":{"start":{"line":11,"column":2},"end":{"line":18,"column":3}},"10":{"start":{"line":12,"column":4},"end":{"line":12,"column":63}},"11":{"start":{"line":14,"column":4},"end":{"line":17,"column":7}},"12":{"start":{"line":22,"column":0},"end":{"line":24,"column":3}},"13":{"start":{"line":23,"column":2},"end":{"line":23,"column":29}},"14":{"start":{"line":26,"column":0},"end":{"line":38,"column":3}},"15":{"start":{"line":27,"column":19},"end":{"line":27,"column":38}},"16":{"start":{"line":28,"column":15},"end":{"line":28,"column":38}},"17":{"start":{"line":29,"column":2},"end":{"line":29,"column":29}},"18":{"start":{"line":30,"column":2},"end":{"line":37,"column":3}},"19":{"start":{"line":31,"column":4},"end":{"line":34,"column":7}},"20":{"start":{"line":36,"column":4},"end":{"line":36,"column":60}},"21":{"start":{"line":40,"column":0},"end":{"line":56,"column":3}},"22":{"start":{"line":41,"column":19},"end":{"line":41,"column":36}},"23":{"start":{"line":42,"column":19},"end":{"line":42,"column":36}},"24":{"start":{"line":43,"column":16},"end":{"line":43,"column":47}},"25":{"start":{"line":44,"column":2},"end":{"line":54,"column":3}},"26":{"start":{"line":45,"column":4},"end":{"line":48,"column":7}},"27":{"start":{"line":50,"column":4},"end":{"line":53,"column":7}},"28":{"start":{"line":58,"column":0},"end":{"line":62,"column":3}},"29":{"start":{"line":59,"column":19},"end":{"line":59,"column":36}},"30":{"start":{"line":60,"column":2},"end":{"line":60,"column":25}},"31":{"start":{"line":61,"column":2},"end":{"line":61,"column":62}},"32":{"start":{"line":64,"column":0},"end":{"line":64,"column":24}}},"fnMap":{"0":{"name":"(anonymous_0)","decl":{"start":{"line":6,"column":29},"end":{"line":6,"column":30}},"loc":{"start":{"line":6,"column":43},"end":{"line":20,"column":1}},"line":6},"1":{"name":"(anonymous_1)","decl":{"start":{"line":22,"column":21},"end":{"line":22,"column":22}},"loc":{"start":{"line":22,"column":35},"end":{"line":24,"column":1}},"line":22},"2":{"name":"(anonymous_2)","decl":{"start":{"line":26,"column":35},"end":{"line":26,"column":36}},"loc":{"start":{"line":26,"column":55},"end":{"line":38,"column":1}},"line":26},"3":{"name":"(anonymous_3)","decl":{"start":{"line":40,"column":22},"end":{"line":40,"column":23}},"loc":{"start":{"line":40,"column":36},"end":{"line":56,"column":1}},"line":40},"4":{"name":"(anonymous_4)","decl":{"start":{"line":58,"column":23},"end":{"line":58,"column":24}},"loc":{"start":{"line":58,"column":37},"end":{"line":62,"column":1}},"line":58}},"branchMap":{"0":{"loc":{"start":{"line":11,"column":2},"end":{"line":18,"column":3}},"type":"if","locations":[{"start":{"line":11,"column":2},"end":{"line":18,"column":3}},{"start":{"line":13,"column":7},"end":{"line":18,"column":3}}],"line":11},"1":{"loc":{"start":{"line":30,"column":2},"end":{"line":37,"column":3}},"type":"if","locations":[{"start":{"line":30,"column":2},"end":{"line":37,"column":3}},{"start":{"line":35,"column":7},"end":{"line":37,"column":3}}],"line":30},"2":{"loc":{"start":{"line":44,"column":2},"end":{"line":54,"column":3}},"type":"if","locations":[{"start":{"line":44,"column":2},"end":{"line":54,"column":3}},{"start":{"line":49,"column":9},"end":{"line":54,"column":3}}],"line":44}},"s":{"0":2,"1":2,"2":2,"3":2,"4":2,"5":3,"6":3,"7":3,"8":3,"9":3,"10":2,"11":1,"12":2,"13":1,"14":2,"15":2,"16":2,"17":2,"18":2,"19":1,"20":1,"21":2,"22":2,"23":2,"24":2,"25":2,"26":1,"27":1,"28":2,"29":1,"30":1,"31":1,"32":2},"f":{"0":3,"1":1,"2":2,"3":2,"4":1},"b":{"0":[2,1],"1":[1,1],"2":[1,1]},"_coverageSchema":"1a1c01bbd47fc00a2c39e90264f33305004495a9","hash":"4212b01f139c9fb4f00025a60b483877d093c636"}
,"C:\\Users\\jitendra.singh\\Desktop\\POC\\src\\util\\utils.js": {"path":"C:\\Users\\jitendra.singh\\Desktop\\POC\\src\\util\\utils.js","statementMap":{"0":{"start":{"line":1,"column":14},"end":{"line":7,"column":2}},"1":{"start":{"line":9,"column":21},"end":{"line":9,"column":23}},"2":{"start":{"line":12,"column":2},"end":{"line":18,"column":3}},"3":{"start":{"line":22,"column":16},"end":{"line":22,"column":21}},"4":{"start":{"line":23,"column":2},"end":{"line":27,"column":5}},"5":{"start":{"line":24,"column":4},"end":{"line":26,"column":5}},"6":{"start":{"line":25,"column":6},"end":{"line":25,"column":22}},"7":{"start":{"line":28,"column":2},"end":{"line":33,"column":3}},"8":{"start":{"line":29,"column":6},"end":{"line":29,"column":83}},"9":{"start":{"line":30,"column":6},"end":{"line":30,"column":19}},"10":{"start":{"line":32,"column":4},"end":{"line":32,"column":16}},"11":{"start":{"line":38,"column":24},"end":{"line":42,"column":4}},"12":{"start":{"line":39,"column":4},"end":{"line":41,"column":5}},"13":{"start":{"line":40,"column":6},"end":{"line":40,"column":18}},"14":{"start":{"line":43,"column":2},"end":{"line":43,"column":29}},"15":{"start":{"line":47,"column":2},"end":{"line":47,"column":20}},"16":{"start":{"line":51,"column":1},"end":{"line":51,"column":62}},"17":{"start":{"line":51,"column":34},"end":{"line":51,"column":60}},"18":{"start":{"line":55,"column":17},"end":{"line":55,"column":22}},"19":{"start":{"line":56,"column":2},"end":{"line":65,"column":3}},"20":{"start":{"line":57,"column":4},"end":{"line":64,"column":5}},"21":{"start":{"line":58,"column":6},"end":{"line":58,"column":22}},"22":{"start":{"line":59,"column":6},"end":{"line":59,"column":27}},"23":{"start":{"line":60,"column":6},"end":{"line":60,"column":35}},"24":{"start":{"line":61,"column":6},"end":{"line":61,"column":12}},"25":{"start":{"line":63,"column":6},"end":{"line":63,"column":23}},"26":{"start":{"line":66,"column":2},"end":{"line":66,"column":18}},"27":{"start":{"line":70,"column":2},"end":{"line":74,"column":3}},"28":{"start":{"line":71,"column":4},"end":{"line":73,"column":5}},"29":{"start":{"line":72,"column":6},"end":{"line":72,"column":28}},"30":{"start":{"line":78,"column":0},"end":{"line":82,"column":1}}},"fnMap":{"0":{"name":"getSessionTemplate","decl":{"start":{"line":11,"column":9},"end":{"line":11,"column":27}},"loc":{"start":{"line":11,"column":76},"end":{"line":19,"column":1}},"line":11},"1":{"name":"addUser","decl":{"start":{"line":21,"column":9},"end":{"line":21,"column":16}},"loc":{"start":{"line":21,"column":55},"end":{"line":35,"column":1}},"line":21},"2":{"name":"(anonymous_2)","decl":{"start":{"line":23,"column":20},"end":{"line":23,"column":21}},"loc":{"start":{"line":23,"column":30},"end":{"line":27,"column":3}},"line":23},"3":{"name":"deleteUser","decl":{"start":{"line":37,"column":9},"end":{"line":37,"column":19}},"loc":{"start":{"line":37,"column":30},"end":{"line":44,"column":1}},"line":37},"4":{"name":"(anonymous_4)","decl":{"start":{"line":38,"column":42},"end":{"line":38,"column":43}},"loc":{"start":{"line":38,"column":52},"end":{"line":42,"column":3}},"line":38},"5":{"name":"getUsers","decl":{"start":{"line":46,"column":9},"end":{"line":46,"column":17}},"loc":{"start":{"line":46,"column":20},"end":{"line":48,"column":1}},"line":46},"6":{"name":"getUser","decl":{"start":{"line":50,"column":9},"end":{"line":50,"column":16}},"loc":{"start":{"line":50,"column":27},"end":{"line":52,"column":1}},"line":50},"7":{"name":"(anonymous_7)","decl":{"start":{"line":51,"column":26},"end":{"line":51,"column":27}},"loc":{"start":{"line":51,"column":34},"end":{"line":51,"column":60}},"line":51},"8":{"name":"login","decl":{"start":{"line":54,"column":9},"end":{"line":54,"column":14}},"loc":{"start":{"line":54,"column":35},"end":{"line":67,"column":1}},"line":54},"9":{"name":"logout","decl":{"start":{"line":69,"column":9},"end":{"line":69,"column":15}},"loc":{"start":{"line":69,"column":26},"end":{"line":75,"column":1}},"line":69}},"branchMap":{"0":{"loc":{"start":{"line":24,"column":4},"end":{"line":26,"column":5}},"type":"if","locations":[{"start":{"line":24,"column":4},"end":{"line":26,"column":5}},{"start":{},"end":{}}],"line":24},"1":{"loc":{"start":{"line":28,"column":2},"end":{"line":33,"column":3}},"type":"if","locations":[{"start":{"line":28,"column":2},"end":{"line":33,"column":3}},{"start":{"line":31,"column":7},"end":{"line":33,"column":3}}],"line":28},"2":{"loc":{"start":{"line":39,"column":4},"end":{"line":41,"column":5}},"type":"if","locations":[{"start":{"line":39,"column":4},"end":{"line":41,"column":5}},{"start":{},"end":{}}],"line":39},"3":{"loc":{"start":{"line":57,"column":4},"end":{"line":64,"column":5}},"type":"if","locations":[{"start":{"line":57,"column":4},"end":{"line":64,"column":5}},{"start":{"line":62,"column":9},"end":{"line":64,"column":5}}],"line":57},"4":{"loc":{"start":{"line":57,"column":7},"end":{"line":57,"column":63}},"type":"binary-expr","locations":[{"start":{"line":57,"column":7},"end":{"line":57,"column":33}},{"start":{"line":57,"column":37},"end":{"line":57,"column":63}}],"line":57},"5":{"loc":{"start":{"line":71,"column":4},"end":{"line":73,"column":5}},"type":"if","locations":[{"start":{"line":71,"column":4},"end":{"line":73,"column":5}},{"start":{},"end":{}}],"line":71}},"s":{"0":2,"1":2,"2":2,"3":3,"4":3,"5":6,"6":1,"7":3,"8":2,"9":2,"10":1,"11":2,"12":5,"13":4,"14":2,"15":1,"16":2,"17":5,"18":2,"19":2,"20":6,"21":1,"22":1,"23":1,"24":1,"25":5,"26":2,"27":1,"28":2,"29":1,"30":2},"f":{"0":2,"1":3,"2":6,"3":2,"4":5,"5":1,"6":2,"7":5,"8":2,"9":1},"b":{"0":[1,5],"1":[2,1],"2":[4,1],"3":[1,5],"4":[6,2],"5":[1,1]},"_coverageSchema":"1a1c01bbd47fc00a2c39e90264f33305004495a9","hash":"6142c5e5296fdb66f042c981e0cdafd8d0a20f97"}
}
