TN:
SF:src\app.js
FN:22,(anonymous_0)
FNF:1
FNH:1
FNDA:1,(anonymous_0)
DA:1,2
DA:2,2
DA:3,2
DA:4,2
DA:5,2
DA:6,2
DA:9,2
DA:10,2
DA:15,2
DA:16,2
DA:17,2
DA:19,2
DA:22,2
DA:23,1
DA:29,2
LF:15
LH:15
BRF:0
BRH:0
end_of_record
TN:
SF:src\routes\user_routes.js
FN:6,(anonymous_0)
FN:22,(anonymous_1)
FN:26,(anonymous_2)
FN:40,(anonymous_3)
FN:58,(anonymous_4)
FNF:5
FNH:5
FNDA:3,(anonymous_0)
FNDA:1,(anonymous_1)
FNDA:2,(anonymous_2)
FNDA:2,(anonymous_3)
FNDA:1,(anonymous_4)
DA:1,2
DA:2,2
DA:3,2
DA:4,2
DA:6,2
DA:7,3
DA:8,3
DA:9,3
DA:10,3
DA:11,3
DA:12,2
DA:14,1
DA:22,2
DA:23,1
DA:26,2
DA:27,2
DA:28,2
DA:29,2
DA:30,2
DA:31,1
DA:36,1
DA:40,2
DA:41,2
DA:42,2
DA:43,2
DA:44,2
DA:45,1
DA:50,1
DA:58,2
DA:59,1
DA:60,1
DA:61,1
DA:64,2
LF:33
LH:33
BRDA:11,0,0,2
BRDA:11,0,1,1
BRDA:30,1,0,1
BRDA:30,1,1,1
BRDA:44,2,0,1
BRDA:44,2,1,1
BRF:6
BRH:6
end_of_record
TN:
SF:src\util\utils.js
FN:11,getSessionTemplate
FN:21,addUser
FN:23,(anonymous_2)
FN:37,deleteUser
FN:38,(anonymous_4)
FN:46,getUsers
FN:50,getUser
FN:51,(anonymous_7)
FN:54,login
FN:69,logout
FNF:10
FNH:10
FNDA:2,getSessionTemplate
FNDA:3,addUser
FNDA:6,(anonymous_2)
FNDA:2,deleteUser
FNDA:5,(anonymous_4)
FNDA:1,getUsers
FNDA:2,getUser
FNDA:5,(anonymous_7)
FNDA:2,login
FNDA:1,logout
DA:1,2
DA:9,2
DA:12,2
DA:22,3
DA:23,3
DA:24,6
DA:25,1
DA:28,3
DA:29,2
DA:30,2
DA:32,1
DA:38,2
DA:39,5
DA:40,4
DA:43,2
DA:47,1
DA:51,5
DA:55,2
DA:56,2
DA:57,6
DA:58,1
DA:59,1
DA:60,1
DA:61,1
DA:63,5
DA:66,2
DA:70,1
DA:71,2
DA:72,1
DA:78,2
LF:30
LH:30
BRDA:24,0,0,1
BRDA:24,0,1,5
BRDA:28,1,0,2
BRDA:28,1,1,1
BRDA:39,2,0,4
BRDA:39,2,1,1
BRDA:57,3,0,1
BRDA:57,3,1,5
BRDA:57,4,0,6
BRDA:57,4,1,2
BRDA:71,5,0,1
BRDA:71,5,1,1
BRF:12
BRH:12
end_of_record
